============================= test session starts ==============================
platform linux -- Python 3.10.12, pytest-9.0.3, pluggy-1.6.0 -- /home/max-rayyy/code/AITest/.venv/bin/python
cachedir: .pytest_cache
rootdir: /home/max-rayyy/code/AITest
configfile: pyproject.toml
plugins: anyio-4.13.0, cov-7.1.0
collecting ... collected 49 items

target_app/test_auth_system.py::TestAgeValidation::test_valid_age_accepted[18] PASSED [  2%]
target_app/test_auth_system.py::TestAgeValidation::test_valid_age_accepted[25] PASSED [  4%]
target_app/test_auth_system.py::TestAgeValidation::test_valid_age_accepted[66] PASSED [  6%]
target_app/test_auth_system.py::TestAgeValidation::test_valid_age_accepted[120] PASSED [  8%]
target_app/test_auth_system.py::TestAgeValidation::test_invalid_age_rejected[0] PASSED [ 10%]
target_app/test_auth_system.py::TestAgeValidation::test_invalid_age_rejected[17] PASSED [ 12%]
target_app/test_auth_system.py::TestAgeValidation::test_invalid_age_rejected[121] PASSED [ 14%]
target_app/test_auth_system.py::TestAgeValidation::test_invalid_age_rejected[200] PASSED [ 16%]
target_app/test_auth_system.py::TestPasswordValidation::test_valid_password_accepted[abcd1234] PASSED [ 18%]
target_app/test_auth_system.py::TestPasswordValidation::test_valid_password_accepted[A1bcdefghijklmn] PASSED [ 20%]
target_app/test_auth_system.py::TestPasswordValidation::test_valid_password_accepted[ppppppppppppppppppppppppppppppp1] PASSED [ 22%]
target_app/test_auth_system.py::TestPasswordValidation::test_valid_password_accepted[hello123] PASSED [ 24%]
target_app/test_auth_system.py::TestPasswordValidation::test_invalid_password_rejected[abc-\u592a\u77ed] PASSED [ 26%]
target_app/test_auth_system.py::TestPasswordValidation::test_invalid_password_rejected[aaaaaaaaaaaaaaaaaaaaaaaaaaaaaaaaa1-\u592a\u957f] PASSED [ 28%]
target_app/test_auth_system.py::TestPasswordValidation::test_invalid_password_rejected[abcdefgh-\u65e0\u6570\u5b57] PASSED [ 30%]
target_app/test_auth_system.py::TestPasswordValidation::test_invalid_password_rejected[12345678-\u65e0\u5b57\u6bcd] PASSED [ 32%]
target_app/test_auth_system.py::TestPasswordValidation::test_invalid_password_rejected[ab1-\u8fc7\u77ed\u4e14\u542b\u6570\u5b57\u5b57\u6bcd\u4f46\u4e0d\u8db38\u4f4d] PASSED [ 34%]
target_app/test_auth_system.py::TestPasswordValidation::test_invalid_password_rejected[a1-\u8fc7\u77ed] PASSED [ 36%]
target_app/test_auth_system.py::TestEmailValidation::test_valid_email_accepted[user@example.com] PASSED [ 38%]
target_app/test_auth_system.py::TestEmailValidation::test_valid_email_accepted[a@b.c] PASSED [ 40%]
target_app/test_auth_system.py::TestEmailValidation::test_valid_email_accepted[test.user@domain.co.uk] PASSED [ 42%]
target_app/test_auth_system.py::TestEmailValidation::test_valid_email_accepted[name@sub.domain.org] PASSED [ 44%]
target_app/test_auth_system.py::TestEmailValidation::test_invalid_email_rejected[no-at-sign] PASSED [ 46%]
target_app/test_auth_system.py::TestEmailValidation::test_invalid_email_rejected[no-dot@domain] PASSED [ 48%]
target_app/test_auth_system.py::TestEmailValidation::test_invalid_email_rejected[@nodotcom] PASSED [ 51%]
target_app/test_auth_system.py::TestEmailValidation::test_invalid_email_rejected[plain.address.com] PASSED [ 53%]
target_app/test_auth_system.py::TestEmailValidation::test_invalid_email_rejected[] PASSED [ 55%]
target_app/test_auth_system.py::TestUsernameValidation::test_valid_username_accepted[abc] PASSED [ 57%]
target_app/test_auth_system.py::TestUsernameValidation::test_valid_username_accepted[user123] PASSED [ 59%]
target_app/test_auth_system.py::TestUsernameValidation::test_valid_username_accepted[aaaaaaaaaaaaaaaaaaaa] PASSED [ 61%]
target_app/test_auth_system.py::TestUsernameValidation::test_length_out_of_range_rejected[ab] PASSED [ 63%]
target_app/test_auth_system.py::TestUsernameValidation::test_length_out_of_range_rejected[aaaaaaaaaaaaaaaaaaaaa] PASSED [ 65%]
target_app/test_auth_system.py::TestUsernameValidation::test_duplicate_username_rejected PASSED [ 67%]
target_app/test_auth_system.py::TestAccountLockout::test_four_failures_not_locked PASSED [ 69%]
target_app/test_auth_system.py::TestAccountLockout::test_fifth_failure_locks_account PASSED [ 71%]
target_app/test_auth_system.py::TestAccountLockout::test_success_resets_counter PASSED [ 73%]
target_app/test_auth_system.py::TestAccountLockout::test_locked_account_cannot_login PASSED [ 75%]
target_app/test_auth_system.py::TestPasswordReset::test_reset_unlocks_account PASSED [ 77%]
target_app/test_auth_system.py::TestStateMachineTransitions::test_guest_to_registered_via_register PASSED [ 79%]
target_app/test_auth_system.py::TestStateMachineTransitions::test_registered_to_loggedin_via_login PASSED [ 81%]
target_app/test_auth_system.py::TestStateMachineTransitions::test_loggedin_to_registered_via_logout PASSED [ 83%]
target_app/test_auth_system.py::TestStateMachineTransitions::test_loggedin_to_locked_via_failed_attempts PASSED [ 85%]
target_app/test_auth_system.py::TestStateMachineTransitions::test_locked_to_registered_via_reset PASSED [ 87%]
target_app/test_auth_system.py::TestStateMachineTransitions::test_loggedin_self_loop_on_success PASSED [ 89%]
target_app/test_auth_system.py::TestEdgeCases::test_login_nonexistent_user PASSED [ 91%]
target_app/test_auth_system.py::TestEdgeCases::test_logout_nonexistent_user PASSED [ 93%]
target_app/test_auth_system.py::TestEdgeCases::test_reset_nonexistent_user PASSED [ 95%]
target_app/test_auth_system.py::TestEdgeCases::test_register_multiple_users PASSED [ 97%]
target_app/test_auth_system.py::TestEdgeCases::test_reset_password_validation PASSED [100%]

============================== 49 passed in 0.03s ==============================
